<?xml version="1.0" encoding="UTF-8"?>
<testsuite xmlns:xsi="http://www.w3.org/2001/XMLSchema-instance" xsi:noNamespaceSchemaLocation="https://maven.apache.org/surefire/maven-surefire-plugin/xsd/surefire-test-report-3.0.xsd" version="3.0" name="com.fivestar.careerexploration02.CareerExploration02ApplicationTests" time="4.233" tests="1" errors="0" skipped="0" failures="0">
  <properties>
[...]
</properties>
  <testcase name="contextLoads" classname="com.fivestar.careerexploration02.CareerExploration02ApplicationTests" time="1.08">
    <system-out><![CDATA[10:55:19.507 [main] INFO org.springframework.test.context.support.AnnotationConfigContextLoaderUtils -- Could not detect default configuration classes for test class [com.fivestar.careerexploration02.CareerExploration02ApplicationTests]: CareerExploration02ApplicationTests does not declare any static, non-private, non-final, nested classes annotated with @Configuration.
10:55:19.646 [main] INFO org.springframework.boot.test.context.SpringBootTestContextBootstrapper -- Found @SpringBootConfiguration com.fivestar.careerexploration02.CareerExploration02Application for test class com.fivestar.careerexploration02.CareerExploration02ApplicationTests
10:55:19.911 [main] INFO org.springframework.boot.devtools.restart.RestartApplicationListener -- Restart disabled due to context in which it is running

  .   ____          _            __ _ _
 /\\ / ___'_ __ _ _(_)_ __  __ _ \ \ \ \
( ( )\___ | '_ | '_| | '_ \/ _` | \ \ \ \
 \\/  ___)| |_)| | | | | || (_| |  ) ) ) )
  '  |____| .__|_| |_|_| |_\__, | / / / /
 =========|_|==============|___/=/_/_/_/
 :: Spring Boot ::                (v3.2.1)

2024-01-14T10:55:20.176+08:00  INFO 13288 --- [           main] .f.c.CareerExploration02ApplicationTests : Starting CareerExploration02ApplicationTests using Java 17.0.9 with PID 13288 (started by USER in C:\Users\USER\Documents\careerexploration02)
2024-01-14T10:55:20.177+08:00  INFO 13288 --- [           main] .f.c.CareerExploration02ApplicationTests : No active profile set, falling back to 1 default profile: "default"
2024-01-14T10:55:20.997+08:00  INFO 13288 --- [           main] .s.d.r.c.RepositoryConfigurationDelegate : Bootstrapping Spring Data JDBC repositories in DEFAULT mode.
2024-01-14T10:55:21.018+08:00  INFO 13288 --- [           main] .s.d.r.c.RepositoryConfigurationDelegate : Finished Spring Data repository scanning in 16 ms. Found 0 JDBC repository interfaces.
2024-01-14T10:55:22.123+08:00  INFO 13288 --- [           main] com.zaxxer.hikari.HikariDataSource       : HikariPool-1 - Starting...
2024-01-14T10:55:22.263+08:00  INFO 13288 --- [           main] com.zaxxer.hikari.pool.HikariPool        : HikariPool-1 - Added connection org.mariadb.jdbc.Connection@6403a4a5
2024-01-14T10:55:22.266+08:00  INFO 13288 --- [           main] com.zaxxer.hikari.HikariDataSource       : HikariPool-1 - Start completed.
2024-01-14T10:55:22.411+08:00  INFO 13288 --- [           main] .f.c.CareerExploration02ApplicationTests : Started CareerExploration02ApplicationTests in 2.531 seconds (process running for 4.103)
]]></system-out>
  </testcase>
</testsuite>