<?xml version="1.0" encoding="UTF-8"?>
<testsuite xmlns:xsi="http://www.w3.org/2001/XMLSchema-instance" xsi:noNamespaceSchemaLocation="https://maven.apache.org/surefire/maven-surefire-plugin/xsd/surefire-test-report-3.0.xsd" version="3.0" name="com.fivestar.careerexploration02.CareerExploration02ApplicationTests" time="5.142" tests="1" errors="0" skipped="0" failures="0">
  <properties>
[...]
</properties>
  <testcase name="contextLoads" classname="com.fivestar.careerexploration02.CareerExploration02ApplicationTests" time="1.123">
    <system-out><![CDATA[09:28:26.978 [main] INFO org.springframework.test.context.support.AnnotationConfigContextLoaderUtils -- Could not detect default configuration classes for test class [com.fivestar.careerexploration02.CareerExploration02ApplicationTests]: CareerExploration02ApplicationTests does not declare any static, non-private, non-final, nested classes annotated with @Configuration.
09:28:27.160 [main] INFO org.springframework.boot.test.context.SpringBootTestContextBootstrapper -- Found @SpringBootConfiguration com.fivestar.careerexploration02.CareerExploration02Application for test class com.fivestar.careerexploration02.CareerExploration02ApplicationTests
09:28:27.531 [main] INFO org.springframework.boot.devtools.restart.RestartApplicationListener -- Restart disabled due to context in which it is running

  .   ____          _            __ _ _
 /\\ / ___'_ __ _ _(_)_ __  __ _ \ \ \ \
( ( )\___ | '_ | '_| | '_ \/ _` | \ \ \ \
 \\/  ___)| |_)| | | | | || (_| |  ) ) ) )
  '  |____| .__|_| |_|_| |_\__, | / / / /
 =========|_|==============|___/=/_/_/_/
 :: Spring Boot ::                (v3.2.1)

2024-01-23T09:28:28.073+08:00  INFO 4296 --- [           main] .f.c.CareerExploration02ApplicationTests : Starting CareerExploration02ApplicationTests using Java 21.0.1 with PID 4296 (started by student in C:\Users\FM_pc\Documents\SpringBoot\careerexploration02)
2024-01-23T09:28:28.074+08:00  INFO 4296 --- [           main] .f.c.CareerExploration02ApplicationTests : No active profile set, falling back to 1 default profile: "default"
2024-01-23T09:28:29.029+08:00  INFO 4296 --- [           main] .s.d.r.c.RepositoryConfigurationDelegate : Bootstrapping Spring Data JDBC repositories in DEFAULT mode.
2024-01-23T09:28:29.058+08:00  INFO 4296 --- [           main] .s.d.r.c.RepositoryConfigurationDelegate : Finished Spring Data repository scanning in 23 ms. Found 0 JDBC repository interfaces.
2024-01-23T09:28:30.329+08:00  INFO 4296 --- [           main] com.zaxxer.hikari.HikariDataSource       : HikariPool-1 - Starting...
2024-01-23T09:28:30.484+08:00  INFO 4296 --- [           main] com.zaxxer.hikari.pool.HikariPool        : HikariPool-1 - Added connection org.mariadb.jdbc.Connection@7ab2a07e
2024-01-23T09:28:30.486+08:00  INFO 4296 --- [           main] com.zaxxer.hikari.HikariDataSource       : HikariPool-1 - Start completed.
2024-01-23T09:28:30.736+08:00  INFO 4296 --- [           main] .f.c.CareerExploration02ApplicationTests : Started CareerExploration02ApplicationTests in 3.235 seconds (process running for 4.849)
]]></system-out>
    <system-err><![CDATA[WARNING: A Java agent has been loaded dynamically (C:\Users\FM_pc\.m2\repository\net\bytebuddy\byte-buddy-agent\1.14.10\byte-buddy-agent-1.14.10.jar)
WARNING: If a serviceability tool is in use, please run with -XX:+EnableDynamicAgentLoading to hide this warning
WARNING: If a serviceability tool is not in use, please run with -Djdk.instrument.traceUsage for more information
WARNING: Dynamic loading of agents will be disallowed by default in a future release
]]></system-err>
  </testcase>
</testsuite>